
**********************
2018-08-28 11:31:07(write log time)

qua = unknown
versionName = null
versionCode = 1
imei = 867960034724309
uid = uid
network = unknown
model = VTR-AL00
api-level = 24 7.0
cpu-core = 8
process = com.vip001.framemonitor
freeMemory = 1496304
totalMemory = 3810300
time = 1246
thread-time = 38
time-start = 08-28 11:31:05.775
time-end = 08-28 11:31:07.021
cpu-busy = false
cpu-rate = 
stack = 08-28 11:31:06.579

java.lang.Thread.sleep(Native Method)
java.lang.Thread.sleep(Thread.java:379)
java.lang.Thread.sleep(Thread.java:321)
com.vip001.framemonitor.ExampleApdater.getView(ExampleApdater.java:33)
android.widget.AbsListView.obtainView(AbsListView.java:2413)
android.widget.ListView.makeAndAddView(ListView.java:1986)
android.widget.ListView.fillDown(ListView.java:709)
android.widget.ListView.fillGap(ListView.java:673)
android.widget.AbsListView.trackMotionScroll(AbsListView.java:5471)
android.widget.ListView.trackMotionScroll(ListView.java:1894)
android.widget.AbsListView.scrollIfNeeded(AbsListView.java:3649)
android.widget.AbsListView.onTouchMove(AbsListView.java:4075)
android.widget.AbsListView.onTouchEvent(AbsListView.java:3893)
android.view.View.dispatchTouchEvent(View.java:10013)
android.view.ViewGroup.dispatchTransformedTouchEvent(ViewGroup.java:2665)
android.view.ViewGroup.dispatchTouchEvent(ViewGroup.java:2344)
android.view.ViewGroup.dispatchTransformedTouchEvent(ViewGroup.java:2671)
android.view.ViewGroup.dispatchTouchEvent(ViewGroup.java:2358)
android.view.ViewGroup.dispatchTransformedTouchEvent(ViewGroup.java:2671)
android.view.ViewGroup.dispatchTouchEvent(ViewGroup.java:2358)
android.view.ViewGroup.dispatchTransformedTouchEvent(ViewGroup.java:2671)
android.view.ViewGroup.dispatchTouchEvent(ViewGroup.java:2358)
android.view.ViewGroup.dispatchTransformedTouchEvent(ViewGroup.java:2671)
android.view.ViewGroup.dispatchTouchEvent(ViewGroup.java:2358)
com.android.internal.policy.DecorView.superDispatchTouchEvent(DecorView.java:447)
com.android.internal.policy.PhoneWindow.superDispatchTouchEvent(PhoneWindow.java:1871)
android.app.Activity.dispatchTouchEvent(Activity.java:3213)
com.android.internal.policy.DecorView.dispatchTouchEvent(DecorView.java:409)
android.view.View.dispatchPointerEvent(View.java:10233)
android.view.ViewRootImpl$ViewPostImeInputStage.processPointerEvent(ViewRootImpl.java:4865)
android.view.ViewRootImpl$ViewPostImeInputStage.onProcess(ViewRootImpl.java:4726)
android.view.ViewRootImpl$InputStage.deliver(ViewRootImpl.java:4258)
android.view.ViewRootImpl$InputStage.onDeliverToNext(ViewRootImpl.java:4311)
android.view.ViewRootImpl$InputStage.forward(ViewRootImpl.java:4277)
android.view.ViewRootImpl$AsyncInputStage.forward(ViewRootImpl.java:4404)
android.view.ViewRootImpl$InputStage.apply(ViewRootImpl.java:4285)
android.view.ViewRootImpl$AsyncInputStage.apply(ViewRootImpl.java:4461)
android.view.ViewRootImpl$InputStage.deliver(ViewRootImpl.java:4258)
android.view.ViewRootImpl$InputStage.onDeliverToNext(ViewRootImpl.java:4311)
android.view.ViewRootImpl$InputStage.forward(ViewRootImpl.java:4277)
android.view.ViewRootImpl$InputStage.apply(ViewRootImpl.java:4285)
android.view.ViewRootImpl$InputStage.deliver(ViewRootImpl.java:4258)
android.view.ViewRootImpl.deliverInputEvent(ViewRootImpl.java:6690)
android.view.ViewRootImpl.doProcessInputEvents(ViewRootImpl.java:6664)
android.view.ViewRootImpl.enqueueInputEvent(ViewRootImpl.java:6625)
android.view.ViewRootImpl$WindowInputEventReceiver.onInputEvent(ViewRootImpl.java:6819)
android.view.InputEventReceiver.dispatchInputEvent(InputEventReceiver.java:192)
android.view.InputEventReceiver.nativeConsumeBatchedInputEvents(Native Method)
android.view.InputEventReceiver.consumeBatchedInputEvents(InputEventReceiver.java:181)
android.view.ViewRootImpl.doConsumeBatchedInput(ViewRootImpl.java:6764)
android.view.ViewRootImpl$ConsumeBatchedInputRunnable.run(ViewRootImpl.java:6847)
android.view.Choreographer$CallbackRecord.run(Choreographer.java:933)
android.view.Choreographer.doCallbacks(Choreographer.java:742)
android.view.Choreographer.doFrame(Choreographer.java:668)
android.view.Choreographer$FrameDisplayEventReceiver.run(Choreographer.java:919)
android.os.Handler.handleCallback(Handler.java:761)
android.os.Handler.dispatchMessage(Handler.java:98)
android.os.Looper.loop(Looper.java:156)
android.app.ActivityThread.main(ActivityThread.java:6595)
java.lang.reflect.Method.invoke(Native Method)
com.android.internal.os.ZygoteInit$MethodAndArgsCaller.run(ZygoteInit.java:942)
com.android.internal.os.ZygoteInit.main(ZygoteInit.java:832)



